  compilation object save succeeded; see E:\DirectX_file\Direct3D_Learn\x64\Debug\PhongPS.cso
  compilation object save succeeded; see E:\DirectX_file\Direct3D_Learn\x64\Debug\PhongPSSpecMap.cso
  compilation object save succeeded; see E:\DirectX_file\Direct3D_Learn\x64\Debug\PhongVS.cso
  compilation object save succeeded; see E:\DirectX_file\Direct3D_Learn\hw3d\PixelShader.cso
  compilation object save succeeded; see E:\DirectX_file\Direct3D_Learn\x64\Debug\SolidPS.cso
  compilation object save succeeded; see E:\DirectX_file\Direct3D_Learn\x64\Debug\SolidVS.cso
  compilation object save succeeded; see E:\DirectX_file\Direct3D_Learn\x64\Debug\TexturePS.cso
  compilation object save succeeded; see E:\DirectX_file\Direct3D_Learn\x64\Debug\TextureVS.cso
  compilation object save succeeded; see E:\DirectX_file\Direct3D_Learn\hw3d\VertexShader.cso
  Bindable.cpp
  Camera.cpp
  CommonFunction.cpp
  Drawable.cpp
  DrawableBase.cpp
  AssimpTest.cpp
  Cylinder.cpp
  Mesh.cpp
  TestPlane.cpp
  dxerr.cpp
  DxgiInfoManager.cpp
  DynamicVertex.cpp
  GDIPlusManager.cpp
  Graphics.cpp
  ImguiManager.cpp
  imgui.cpp
  imgui_demo.cpp
  imgui_draw.cpp
  imgui_impl_dx11.cpp
  imgui_impl_win32.cpp
  imgui_tables.cpp
  imgui_widgets.cpp
  IndexBuffer.cpp
  InputLayout.cpp
  Keyboard.cpp
  PointLight.cpp
  Melon.cpp
  SolidSphere.cpp
  Mouse.cpp
  PixelShader.cpp
  Pyramid.cpp
  Sampler.cpp
  Sheet.cpp
  SkinnedBox.cpp
  Surface.cpp
  TestBox.cpp
  Texture.cpp
  Topology.cpp
  TransformCBuf.cpp
  VertexBuffer.cpp
  VertexShader.cpp
E:\DirectX_file\Direct3D_Learn\hw3d\XYHMath.h(18,23): warning C4244: “初始化”: 从“double”转换到“float”，可能丢失数据
  (编译源文件“Camera.cpp”)
  E:\DirectX_file\Direct3D_Learn\hw3d\XYHMath.h(18,23):
  模板实例化上下文(最早的实例化上下文)为
  	E:\DirectX_file\Direct3D_Learn\hw3d\Camera.cpp(55,10):
  	查看对正在编译的函数 模板 实例化“T wrap_angle<float>(T)”的引用
          with
          [
              T=float
          ]
  
E:\DirectX_file\Direct3D_Learn\hw3d\XYHMath.h(18,17): warning C4244: “初始化”: 从“double”转换到“const float”，可能丢失数据
  (编译源文件“Camera.cpp”)
  
  Window.cpp
  WinMain.cpp
E:\DirectX_file\Direct3D_Learn\hw3d\DynamicData\DynamicVertex.cpp(35,1): warning C4715: “DynamicData::VertexLayout::Element::GetDesc”: 不是所有的控件路径都返回值
  XuYuHaoException.cpp
  XYHApp.cpp
  XyhTimer.cpp
  XyhUtil.cpp
E:\DirectX_file\Direct3D_Learn\hw3d\XYHWin.h(5,1): warning C4005: “_WIN32_WINNT”: 宏重定义
  (编译源文件“WinMain.cpp”)
  D:\Windows Kits\10\Include\10.0.22621.0\shared\sdkddkver.h(224,1):
  参见“_WIN32_WINNT”的前一个定义
  
E:\DirectX_file\Direct3D_Learn\hw3d\XYHWin.h(48,1): warning C4005: “STRICT”: 宏重定义
  (编译源文件“WinMain.cpp”)
  D:\Windows Kits\10\Include\10.0.22621.0\shared\minwindef.h(23,1):
  参见“STRICT”的前一个定义
  
C:\Program Files\Microsoft Visual Studio\2022\Community\VC\Tools\MSVC\14.39.33519\include\optional(82,17): warning C4244: “初始化”: 从“WPARAM”转换到“int”，可能丢失数据
  (编译源文件“Window.cpp”)
  C:\Program Files\Microsoft Visual Studio\2022\Community\VC\Tools\MSVC\14.39.33519\include\optional(82,17):
  模板实例化上下文(最早的实例化上下文)为
  	E:\DirectX_file\Direct3D_Learn\hw3d\Window.cpp(124,4):
  	查看对正在编译的函数 模板 实例化“std::optional<int>::optional<WPARAM&,0>(_Ty2) noexcept”的引用
          with
          [
              _Ty2=WPARAM &
          ]
  		E:\DirectX_file\Direct3D_Learn\hw3d\Window.cpp(124,4):
  		请参阅 "Window::ProcessMessages" 中对 "std::optional<int>::optional" 的第一个引用
  	C:\Program Files\Microsoft Visual Studio\2022\Community\VC\Tools\MSVC\14.39.33519\include\optional(248,18):
  	查看对正在编译的函数 模板 实例化“std::_Optional_construct_base<_Ty>::_Optional_construct_base<WPARAM&>(std::in_place_t,WPARAM &)”的引用
          with
          [
              _Ty=int
          ]
  	E:\DirectX_file\Direct3D_Learn\hw3d\Window.cpp(465,1):
  	查看对正在编译的函数 模板 实例化“std::_Optional_destruct_base<_Ty,true>::_Optional_destruct_base<WPARAM&>(std::in_place_t,WPARAM &) noexcept”的引用
          with
          [
              _Ty=int
          ]
  
  hw3d.vcxproj -> E:\DirectX_file\Direct3D_Learn\x64\Debug\hw3d.exe
