d:\dx_c++\hw3d_directx\hw3d\x64\debug\drawable.obj
d:\dx_c++\hw3d_directx\hw3d\x64\debug\sampler.obj
d:\dx_c++\hw3d_directx\hw3d\x64\debug\xyhtimer.obj
d:\dx_c++\hw3d_directx\hw3d\x64\debug\dxgiinfomanager.obj
d:\dx_c++\hw3d_directx\hw3d\x64\debug\surface.obj
d:\dx_c++\hw3d_directx\hw3d\x64\debug\dxerr.obj
d:\dx_c++\hw3d_directx\hw3d\x64\debug\mouse.obj
d:\dx_c++\hw3d_directx\hw3d\x64\debug\xuyuhaoexception.obj
d:\dx_c++\hw3d_directx\hw3d\x64\debug\gdiplusmanager.obj
d:\dx_c++\hw3d_directx\hw3d\x64\debug\melon.obj
d:\dx_c++\hw3d_directx\hw3d\x64\debug\xyhutil.obj
d:\dx_c++\hw3d_directx\hw3d\x64\debug\camera.obj
d:\dx_c++\hw3d_directx\hw3d\x64\debug\sheet.obj
d:\dx_c++\hw3d_directx\hw3d\x64\debug\imgui.obj
d:\dx_c++\hw3d_directx\hw3d\x64\debug\indexbuffer.obj
d:\dx_c++\hw3d_directx\hw3d\x64\debug\transformcbuf.obj
d:\dx_c++\hw3d_directx\hw3d\x64\debug\imgui_demo.obj
d:\dx_c++\hw3d_directx\hw3d\x64\debug\imgui_impl_win32.obj
d:\dx_c++\hw3d_directx\hw3d\x64\debug\inputlayout.obj
d:\dx_c++\hw3d_directx\hw3d\x64\debug\texture.obj
d:\dx_c++\hw3d_directx\hw3d\x64\debug\graphics.obj
d:\dx_c++\hw3d_directx\hw3d\x64\debug\vertexbuffer.obj
d:\dx_c++\hw3d_directx\hw3d\x64\debug\assimptest.obj
d:\dx_c++\hw3d_directx\hw3d\x64\debug\topology.obj
d:\dx_c++\hw3d_directx\hw3d\x64\debug\drawablebase.obj
d:\dx_c++\hw3d_directx\hw3d\x64\debug\pyramid.obj
d:\dx_c++\hw3d_directx\hw3d\x64\debug\bindable.obj
d:\dx_c++\hw3d_directx\hw3d\x64\debug\pixelshader.obj
d:\dx_c++\hw3d_directx\hw3d\x64\debug\xyhapp.obj
d:\dx_c++\hw3d_directx\hw3d\x64\debug\imguimanager.obj
d:\dx_c++\hw3d_directx\hw3d\x64\debug\imgui_impl_dx11.obj
d:\dx_c++\hw3d_directx\hw3d\x64\debug\keyboard.obj
d:\dx_c++\hw3d_directx\hw3d\x64\debug\skinnedbox.obj
d:\dx_c++\hw3d_directx\hw3d\x64\debug\commonfunction.obj
d:\dx_c++\hw3d_directx\hw3d\x64\debug\pointlight.obj
d:\dx_c++\hw3d_directx\hw3d\x64\debug\window.obj
d:\dx_c++\hw3d_directx\hw3d\x64\debug\imgui_draw.obj
d:\dx_c++\hw3d_directx\hw3d\x64\debug\imgui_tables.obj
d:\dx_c++\hw3d_directx\hw3d\x64\debug\imgui_widgets.obj
d:\dx_c++\hw3d_directx\hw3d\x64\debug\solidsphere.obj
d:\dx_c++\hw3d_directx\hw3d\x64\debug\winmain.obj
d:\dx_c++\hw3d_directx\hw3d\x64\debug\cylinder.obj
d:\dx_c++\hw3d_directx\hw3d\x64\debug\testbox.obj
d:\dx_c++\hw3d_directx\hw3d\x64\debug\mesh.obj
d:\dx_c++\hw3d_directx\hw3d\x64\debug\vertexshader.obj
d:\dx_c++\hw3d_directx\hw3d\x64\debug\vc143.pdb
d:\dx_c++\hw3d_directx\hw3d\x64\debug\dynamicvertex.obj
d:\dx_c++\hw3d_directx\hw3d\pixelshader.cso
d:\dx_c++\hw3d_directx\x64\debug\solidps.cso
d:\dx_c++\hw3d_directx\x64\debug\solidvs.cso
d:\dx_c++\hw3d_directx\x64\debug\textureps.cso
d:\dx_c++\hw3d_directx\x64\debug\texturevs.cso
d:\dx_c++\hw3d_directx\hw3d\vertexshader.cso
d:\dx_c++\hw3d_directx\x64\debug\phongvs.cso
d:\dx_c++\hw3d_directx\x64\debug\phongps.cso
d:\dx_c++\hw3d_directx\x64\debug\phongpsspecmap.cso
d:\dx_c++\hw3d_directx\x64\debug\hw3d.exe
d:\dx_c++\hw3d_directx\x64\debug\hw3d.pdb
d:\dx_c++\hw3d_directx\hw3d\x64\debug\hw3d.res
d:\dx_c++\hw3d_directx\hw3d\x64\debug\hw3d.ilk
d:\dx_c++\hw3d_directx\hw3d\x64\debug\xyhapp.obj.enc
d:\dx_c++\hw3d_directx\hw3d\x64\debug\vc143.idb
d:\dx_c++\hw3d_directx\hw3d\x64\debug\hw3d.tlog\cl.command.1.tlog
d:\dx_c++\hw3d_directx\hw3d\x64\debug\hw3d.tlog\cl.items.tlog
d:\dx_c++\hw3d_directx\hw3d\x64\debug\hw3d.tlog\cl.read.1.tlog
d:\dx_c++\hw3d_directx\hw3d\x64\debug\hw3d.tlog\cl.write.1.tlog
d:\dx_c++\hw3d_directx\hw3d\x64\debug\hw3d.tlog\fxc.command.1.tlog
d:\dx_c++\hw3d_directx\hw3d\x64\debug\hw3d.tlog\fxc.read.1.tlog
d:\dx_c++\hw3d_directx\hw3d\x64\debug\hw3d.tlog\fxc.write.1.tlog
d:\dx_c++\hw3d_directx\hw3d\x64\debug\hw3d.tlog\link-cvtres.read.1.tlog
d:\dx_c++\hw3d_directx\hw3d\x64\debug\hw3d.tlog\link-cvtres.write.1.tlog
d:\dx_c++\hw3d_directx\hw3d\x64\debug\hw3d.tlog\link-rc.read.1.tlog
d:\dx_c++\hw3d_directx\hw3d\x64\debug\hw3d.tlog\link-rc.write.1.tlog
d:\dx_c++\hw3d_directx\hw3d\x64\debug\hw3d.tlog\link.9668-cvtres.read.1.tlog
d:\dx_c++\hw3d_directx\hw3d\x64\debug\hw3d.tlog\link.9668-cvtres.write.1.tlog
d:\dx_c++\hw3d_directx\hw3d\x64\debug\hw3d.tlog\link.9668-rc.read.1.tlog
d:\dx_c++\hw3d_directx\hw3d\x64\debug\hw3d.tlog\link.9668-rc.write.1.tlog
d:\dx_c++\hw3d_directx\hw3d\x64\debug\hw3d.tlog\link.9668.read.1.tlog
d:\dx_c++\hw3d_directx\hw3d\x64\debug\hw3d.tlog\link.9668.read.2.tlog
d:\dx_c++\hw3d_directx\hw3d\x64\debug\hw3d.tlog\link.9668.read.3.tlog
d:\dx_c++\hw3d_directx\hw3d\x64\debug\hw3d.tlog\link.9668.read.4.tlog
d:\dx_c++\hw3d_directx\hw3d\x64\debug\hw3d.tlog\link.9668.write.1.tlog
d:\dx_c++\hw3d_directx\hw3d\x64\debug\hw3d.tlog\link.command.1.tlog
d:\dx_c++\hw3d_directx\hw3d\x64\debug\hw3d.tlog\link.read.1.tlog
d:\dx_c++\hw3d_directx\hw3d\x64\debug\hw3d.tlog\link.read.2.tlog
d:\dx_c++\hw3d_directx\hw3d\x64\debug\hw3d.tlog\link.read.3.tlog
d:\dx_c++\hw3d_directx\hw3d\x64\debug\hw3d.tlog\link.read.4.tlog
d:\dx_c++\hw3d_directx\hw3d\x64\debug\hw3d.tlog\link.secondary.1.tlog
d:\dx_c++\hw3d_directx\hw3d\x64\debug\hw3d.tlog\link.write.1.tlog
d:\dx_c++\hw3d_directx\hw3d\x64\debug\hw3d.tlog\rc.command.1.tlog
d:\dx_c++\hw3d_directx\hw3d\x64\debug\hw3d.tlog\rc.read.1.tlog
d:\dx_c++\hw3d_directx\hw3d\x64\debug\hw3d.tlog\rc.write.1.tlog
